mode: set
kbank-ecms/pkg/healthcheck/healthcheck.go:28.51,30.2 1 1
kbank-ecms/pkg/healthcheck/healthcheck.go:33.37,38.16 4 1
kbank-ecms/pkg/healthcheck/healthcheck.go:38.16,40.3 1 0
kbank-ecms/pkg/healthcheck/healthcheck.go:41.2,41.38 1 1
kbank-ecms/pkg/healthcheck/healthcheck.go:45.39,47.2 1 1
kbank-ecms/pkg/healthcheck/healthcheck.go:57.54,59.2 1 1
kbank-ecms/pkg/healthcheck/healthcheck.go:62.34,67.2 3 1
kbank-ecms/pkg/healthcheck/healthcheck.go:70.36,72.2 1 1
kbank-ecms/pkg/healthcheck/healthcheck.go:81.70,84.15 2 1
kbank-ecms/pkg/healthcheck/healthcheck.go:84.15,86.3 1 1
kbank-ecms/pkg/healthcheck/healthcheck.go:88.2,88.24 1 1
kbank-ecms/pkg/healthcheck/healthcheck.go:88.24,90.3 1 1
kbank-ecms/pkg/healthcheck/healthcheck.go:92.2,92.58 1 1
